#
# A fatal error has been detected by the Java Runtime Environment:
#
#  EXCEPTION_ACCESS_VIOLATION (0xc0000005) at pc=0x00000000002efade, pid=7640, tid=8096
#
# JRE version: Java(TM) SE Runtime Environment (8.0-b132) (build 1.8.0-b132)
# Java VM: Java HotSpot(TM) 64-Bit Server VM (25.0-b70 mixed mode windows-amd64 compressed oops)
# Problematic frame:
# C  [lpsolve55.dll+0x2fade]
#
# Failed to write core dump. Minidumps are not enabled by default on client versions of Windows
#
# If you would like to submit a bug report, please visit:
#   http://bugreport.sun.com/bugreport/crash.jsp
# The crash happened outside the Java Virtual Machine in native code.
# See problematic frame for where to report the bug.
#

---------------  T H R E A D  ---------------

Current thread (0x00000000023cf800):  JavaThread "main" [_thread_in_native, id=8096, stack(0x0000000002580000,0x0000000002680000)]

siginfo: ExceptionCode=0xc0000005, writing address 0x0000000000000000

Registers:
RAX=0x0000000000352e00, RBX=0x0000000011dd6b70, RCX=0x9e11d53953930000, RDX=0x0000000011dd7588
RSP=0x000000000267f140, RBP=0x0000000000000000, RSI=0x0000000000000000, RDI=0x0000000002dc6c00
R8 =0x000000000267eaa0, R9 =0x00000000002c0000, R10=0x0000000000000000, R11=0x0000000000000000
R12=0x0000000000000000, R13=0x00000000548f7260, R14=0x000000000267f240, R15=0x00000000023cf800
RIP=0x00000000002efade, EFLAGS=0x0000000000010202

Top of Stack: (sp=0x000000000267f140)
0x000000000267f140:   0000000000000000 000000000267f240
0x000000000267f150:   00000000023cf800 000000000267f240
0x000000000267f160:   000000000000012b 0000000180001757
0x000000000267f170:   00000000023cf9e0 0000000000000000
0x000000000267f180:   0000000000000000 00000000544f0488
0x000000000267f190:   000000000000012b 000000000269518e
0x000000000267f1a0:   00000000548f7268 000000000267f218
0x000000000267f1b0:   00000000544f0488 00000000548f7268
0x000000000267f1c0:   00000000544f0488 00000000023cf800
0x000000000267f1d0:   0000000002694ebc 000000000267f1d8
0x000000000267f1e0:   00000000548f7260 000000000267f240
0x000000000267f1f0:   0000000054900708 0000000000000000
0x000000000267f200:   00000000548f7268 0000000000000000
0x000000000267f210:   000000000267f238 000000000267f288
0x000000000267f220:   00000000026872b0 00000000eb36c870
0x000000000267f230:   000000000268f01b 0000000002dc6c00 

Instructions: (pc=0x00000000002efade)
0x00000000002efabe:   00 00 e8 6b 5a ff ff 8d 56 01 48 8b cb e8 00 57
0x00000000002eface:   ff ff 4c 8b 9b a0 09 00 00 48 8d 93 18 0a 00 00
0x00000000002efade:   49 89 2b 41 b1 01 41 b8 0b 00 00 00 48 89 ab c8
0x00000000002efaee:   09 00 00 48 89 ab c0 09 00 00 48 89 ab d0 09 00 


Register to memory mapping:

RAX=0x0000000000352e00 is an unknown value
RBX=0x0000000011dd6b70 is an unknown value
RCX=0x9e11d53953930000 is an unknown value
RDX=0x0000000011dd7588 is an unknown value
RSP=0x000000000267f140 is pointing into the stack for thread: 0x00000000023cf800
RBP=0x0000000000000000 is an unknown value
RSI=0x0000000000000000 is an unknown value
RDI=0x0000000002dc6c00 is an unknown value
R8 =0x000000000267eaa0 is pointing into the stack for thread: 0x00000000023cf800
R9 =0x00000000002c0000 is an unknown value
R10=0x0000000000000000 is an unknown value
R11=0x0000000000000000 is an unknown value
R12=0x0000000000000000 is an unknown value
R13=0x00000000548f7260 is an unknown value
R14=0x000000000267f240 is pointing into the stack for thread: 0x00000000023cf800
R15=0x00000000023cf800 is a thread


Stack: [0x0000000002580000,0x0000000002680000],  sp=0x000000000267f140,  free space=1020k
Native frames: (J=compiled Java code, j=interpreted, Vv=VM code, C=native code)

Java frames: (J=compiled Java code, j=interpreted, Vv=VM code)
j  lpsolve.LpSolve.makeLp(II)Llpsolve/LpSolve;+0
j  org.cloudbus.cloudsim.examples.cache.ilp.Solver.main([Ljava/lang/String;)V+17
v  ~StubRoutines::call_stub

---------------  P R O C E S S  ---------------

Java Threads: ( => current thread )
  0x0000000056bf6800 JavaThread "Service Thread" daemon [_thread_blocked, id=2404, stack(0x0000000057810000,0x0000000057910000)]
  0x0000000054eef000 JavaThread "C1 CompilerThread2" daemon [_thread_blocked, id=7316, stack(0x00000000576d0000,0x00000000577d0000)]
  0x0000000054ee9000 JavaThread "C2 CompilerThread1" daemon [_thread_blocked, id=7048, stack(0x00000000575a0000,0x00000000576a0000)]
  0x0000000056b81800 JavaThread "C2 CompilerThread0" daemon [_thread_blocked, id=7808, stack(0x0000000057330000,0x0000000057430000)]
  0x0000000056b7c000 JavaThread "Attach Listener" daemon [_thread_blocked, id=4324, stack(0x00000000571d0000,0x00000000572d0000)]
  0x0000000056b7b000 JavaThread "Signal Dispatcher" daemon [_thread_blocked, id=7724, stack(0x0000000056fd0000,0x00000000570d0000)]
  0x0000000054e89000 JavaThread "Finalizer" daemon [_thread_blocked, id=1304, stack(0x00000000561e0000,0x00000000562e0000)]
  0x0000000054e7e800 JavaThread "Reference Handler" daemon [_thread_blocked, id=6680, stack(0x0000000056000000,0x0000000056100000)]
=>0x00000000023cf800 JavaThread "main" [_thread_in_native, id=8096, stack(0x0000000002580000,0x0000000002680000)]

Other Threads:
  0x0000000054e7a800 VMThread [stack: 0x0000000055da0000,0x0000000055ea0000] [id=2952]
  0x0000000056bfa000 WatcherThread [stack: 0x0000000057940000,0x0000000057a40000] [id=7696]

VM state:not at safepoint (normal execution)

VM Mutex/Monitor currently owned by a thread: None

Heap:
 PSYoungGen      total 3584K, used 3584K [0x00000000eb180000, 0x00000000eba80000, 0x0000000100000000)
  eden space 2048K, 100% used [0x00000000eb180000,0x00000000eb380000,0x00000000eb380000)
  from space 1536K, 100% used [0x00000000eb380000,0x00000000eb500000,0x00000000eb500000)
  to   space 2560K, 0% used [0x00000000eb800000,0x00000000eb800000,0x00000000eba80000)
 ParOldGen       total 64000K, used 2830K [0x00000000c1400000, 0x00000000c5280000, 0x00000000eb180000)
  object space 64000K, 4% used [0x00000000c1400000,0x00000000c16c3810,0x00000000c5280000)
 Metaspace       used 3020K, capacity 4596K, committed 4864K, reserved 1056768K
  class space    used 322K, capacity 420K, committed 512K, reserved 1048576K

Card table byte_map: [0x0000000011a40000,0x0000000011c40000] byte_map_base: 0x0000000011436000

Marking Bits: (ParMarkBitMap*) 0x0000000056ae13b0
 Begin Bits: [0x0000000012390000, 0x0000000013340000)
 End Bits:   [0x0000000013340000, 0x00000000142f0000)

Polling page: 0x0000000000120000

CodeCache: size=245760Kb used=1279Kb max_used=1279Kb free=244480Kb
 bounds [0x0000000002680000, 0x00000000028f0000, 0x0000000011680000]
 total_blobs=342 nmethods=94 adapters=162
 compilation: enabled

Compilation events (10 events):
Event: 0.297 Thread 0x0000000054eef000   91       3       java.util.Arrays::copyOf (19 bytes)
Event: 0.297 Thread 0x0000000054eef000 nmethod 91 0x00000000027af550 code [0x00000000027af6c0, 0x00000000027af9e8]
Event: 0.297 Thread 0x0000000054eef000   90       1       java.util.ArrayList::size (5 bytes)
Event: 0.297 Thread 0x0000000054eef000 nmethod 90 0x00000000027ba510 code [0x00000000027ba660, 0x00000000027ba770]
Event: 0.297 Thread 0x0000000054eef000   92       1       java.net.URL::getProtocol (5 bytes)
Event: 0.297 Thread 0x0000000054eef000 nmethod 92 0x00000000027af290 code [0x00000000027af3e0, 0x00000000027af4f0]
Event: 0.297 Thread 0x0000000054eef000   93       3       java.lang.AbstractStringBuilder::<init> (12 bytes)
Event: 0.298 Thread 0x0000000054eef000 nmethod 93 0x00000000027aee10 code [0x00000000027aef80, 0x00000000027af1d0]
Event: 0.298 Thread 0x0000000054eef000   94       3       java.lang.String::lastIndexOf (52 bytes)
Event: 0.298 Thread 0x0000000054eef000 nmethod 94 0x00000000027ae790 code [0x00000000027ae920, 0x00000000027aeca8]

GC Heap History (10 events):
Event: 0.149 GC heap before
{Heap before GC invocations=3 (full 0):
 PSYoungGen      total 1024K, used 1016K [0x00000000eb180000, 0x00000000eb300000, 0x0000000100000000)
  eden space 512K, 100% used [0x00000000eb180000,0x00000000eb200000,0x00000000eb200000)
  from space 512K, 98% used [0x00000000eb280000,0x00000000eb2fe030,0x00000000eb300000)
  to   space 512K, 0% used [0x00000000eb200000,0x00000000eb200000,0x00000000eb280000)
 ParOldGen       total 64000K, used 221K [0x00000000c1400000, 0x00000000c5280000, 0x00000000eb180000)
  object space 64000K, 0% used [0x00000000c1400000,0x00000000c14377b0,0x00000000c5280000)
 Metaspace       used 2955K, capacity 4564K, committed 4864K, reserved 1056768K
  class space    used 315K, capacity 388K, committed 512K, reserved 1048576K
Event: 0.150 GC heap after
Heap after GC invocations=3 (full 0):
 PSYoungGen      total 1024K, used 488K [0x00000000eb180000, 0x00000000eb380000, 0x0000000100000000)
  eden space 512K, 0% used [0x00000000eb180000,0x00000000eb180000,0x00000000eb200000)
  from space 512K, 95% used [0x00000000eb200000,0x00000000eb27a020,0x00000000eb280000)
  to   space 512K, 0% used [0x00000000eb300000,0x00000000eb300000,0x00000000eb380000)
 ParOldGen       total 64000K, used 429K [0x00000000c1400000, 0x00000000c5280000, 0x00000000eb180000)
  object space 64000K, 0% used [0x00000000c1400000,0x00000000c146b7b0,0x00000000c5280000)
 Metaspace       used 2955K, capacity 4564K, committed 4864K, reserved 1056768K
  class space    used 315K, capacity 388K, committed 512K, reserved 1048576K
}
Event: 0.187 GC heap before
{Heap before GC invocations=4 (full 0):
 PSYoungGen      total 1024K, used 1000K [0x00000000eb180000, 0x00000000eb380000, 0x0000000100000000)
  eden space 512K, 100% used [0x00000000eb180000,0x00000000eb200000,0x00000000eb200000)
  from space 512K, 95% used [0x00000000eb200000,0x00000000eb27a020,0x00000000eb280000)
  to   space 512K, 0% used [0x00000000eb300000,0x00000000eb300000,0x00000000eb380000)
 ParOldGen       total 64000K, used 429K [0x00000000c1400000, 0x00000000c5280000, 0x00000000eb180000)
  object space 64000K, 0% used [0x00000000c1400000,0x00000000c146b7b0,0x00000000c5280000)
 Metaspace       used 2959K, capacity 4564K, committed 4864K, reserved 1056768K
  class space    used 315K, capacity 388K, committed 512K, reserved 1048576K
Event: 0.188 GC heap after
Heap after GC invocations=4 (full 0):
 PSYoungGen      total 1536K, used 504K [0x00000000eb180000, 0x00000000eb380000, 0x0000000100000000)
  eden space 1024K, 0% used [0x00000000eb180000,0x00000000eb180000,0x00000000eb280000)
  from space 512K, 98% used [0x00000000eb300000,0x00000000eb37e030,0x00000000eb380000)
  to   space 512K, 0% used [0x00000000eb280000,0x00000000eb280000,0x00000000eb300000)
 ParOldGen       total 64000K, used 781K [0x00000000c1400000, 0x00000000c5280000, 0x00000000eb180000)
  object space 64000K, 1% used [0x00000000c1400000,0x00000000c14c37b0,0x00000000c5280000)
 Metaspace       used 2959K, capacity 4564K, committed 4864K, reserved 1056768K
  class space    used 315K, capacity 388K, committed 512K, reserved 1048576K
}
Event: 0.220 GC heap before
{Heap before GC invocations=5 (full 0):
 PSYoungGen      total 1536K, used 1528K [0x00000000eb180000, 0x00000000eb380000, 0x0000000100000000)
  eden space 1024K, 100% used [0x00000000eb180000,0x00000000eb280000,0x00000000eb280000)
  from space 512K, 98% used [0x00000000eb300000,0x00000000eb37e030,0x00000000eb380000)
  to   space 512K, 0% used [0x00000000eb280000,0x00000000eb280000,0x00000000eb300000)
 ParOldGen       total 64000K, used 781K [0x00000000c1400000, 0x00000000c5280000, 0x00000000eb180000)
  object space 64000K, 1% used [0x00000000c1400000,0x00000000c14c37b0,0x00000000c5280000)
 Metaspace       used 2959K, capacity 4564K, committed 4864K, reserved 1056768K
  class space    used 315K, capacity 388K, committed 512K, reserved 1048576K
Event: 0.221 GC heap after
Heap after GC invocations=5 (full 0):
 PSYoungGen      total 1536K, used 488K [0x00000000eb180000, 0x00000000eb680000, 0x0000000100000000)
  eden space 1024K, 0% used [0x00000000eb180000,0x00000000eb180000,0x00000000eb280000)
  from space 512K, 95% used [0x00000000eb280000,0x00000000eb2fa020,0x00000000eb300000)
  to   space 1536K, 0% used [0x00000000eb500000,0x00000000eb500000,0x00000000eb680000)
 ParOldGen       total 64000K, used 1589K [0x00000000c1400000, 0x00000000c5280000, 0x00000000eb180000)
  object space 64000K, 2% used [0x00000000c1400000,0x00000000c158d7e0,0x00000000c5280000)
 Metaspace       used 2959K, capacity 4564K, committed 4864K, reserved 1056768K
  class space    used 315K, capacity 388K, committed 512K, reserved 1048576K
}
Event: 0.232 GC heap before
{Heap before GC invocations=6 (full 0):
 PSYoungGen      total 1536K, used 1512K [0x00000000eb180000, 0x00000000eb680000, 0x0000000100000000)
  eden space 1024K, 100% used [0x00000000eb180000,0x00000000eb280000,0x00000000eb280000)
  from space 512K, 95% used [0x00000000eb280000,0x00000000eb2fa020,0x00000000eb300000)
  to   space 1536K, 0% used [0x00000000eb500000,0x00000000eb500000,0x00000000eb680000)
 ParOldGen       total 64000K, used 1589K [0x00000000c1400000, 0x00000000c5280000, 0x00000000eb180000)
  object space 64000K, 2% used [0x00000000c1400000,0x00000000c158d7e0,0x00000000c5280000)
 Metaspace       used 2959K, capacity 4564K, committed 4864K, reserved 1056768K
  class space    used 315K, capacity 388K, committed 512K, reserved 1048576K
Event: 0.233 GC heap after
Heap after GC invocations=6 (full 0):
 PSYoungGen      total 3584K, used 1320K [0x00000000eb180000, 0x00000000eb680000, 0x0000000100000000)
  eden space 2048K, 0% used [0x00000000eb180000,0x00000000eb180000,0x00000000eb380000)
  from space 1536K, 85% used [0x00000000eb500000,0x00000000eb64a020,0x00000000eb680000)
  to   space 1536K, 0% used [0x00000000eb380000,0x00000000eb380000,0x00000000eb500000)
 ParOldGen       total 64000K, used 1589K [0x00000000c1400000, 0x00000000c5280000, 0x00000000eb180000)
  object space 64000K, 2% used [0x00000000c1400000,0x00000000c158d7e0,0x00000000c5280000)
 Metaspace       used 2959K, capacity 4564K, committed 4864K, reserved 1056768K
  class space    used 315K, capacity 388K, committed 512K, reserved 1048576K
}
Event: 0.257 GC heap before
{Heap before GC invocations=7 (full 0):
 PSYoungGen      total 3584K, used 3368K [0x00000000eb180000, 0x00000000eb680000, 0x0000000100000000)
  eden space 2048K, 100% used [0x00000000eb180000,0x00000000eb380000,0x00000000eb380000)
  from space 1536K, 85% used [0x00000000eb500000,0x00000000eb64a020,0x00000000eb680000)
  to   space 1536K, 0% used [0x00000000eb380000,0x00000000eb380000,0x00000000eb500000)
 ParOldGen       total 64000K, used 1589K [0x00000000c1400000, 0x00000000c5280000, 0x00000000eb180000)
  object space 64000K, 2% used [0x00000000c1400000,0x00000000c158d7e0,0x00000000c5280000)
 Metaspace       used 2959K, capacity 4564K, committed 4864K, reserved 1056768K
  class space    used 315K, capacity 388K, committed 512K, reserved 1048576K
Event: 0.260 GC heap after
Heap after GC invocations=7 (full 0):
 PSYoungGen      total 3584K, used 1536K [0x00000000eb180000, 0x00000000eba80000, 0x0000000100000000)
  eden space 2048K, 0% used [0x00000000eb180000,0x00000000eb180000,0x00000000eb380000)
  from space 1536K, 100% used [0x00000000eb380000,0x00000000eb500000,0x00000000eb500000)
  to   space 2560K, 0% used [0x00000000eb800000,0x00000000eb800000,0x00000000eba80000)
 ParOldGen       total 64000K, used 2830K [0x00000000c1400000, 0x00000000c5280000, 0x00000000eb180000)
  object space 64000K, 4% used [0x00000000c1400000,0x00000000c16c3810,0x00000000c5280000)
 Metaspace       used 2959K, capacity 4564K, committed 4864K, reserved 1056768K
  class space    used 315K, capacity 388K, committed 512K, reserved 1048576K
}

Deoptimization events (0 events):
No events

Internal exceptions (10 events):
Event: 0.045 Thread 0x00000000023cf800 Exception <a 'java/lang/NoSuchMethodError': Method sun.misc.Unsafe.prefetchRead(Ljava/lang/Object;J)V name or signature does not match> (0x00000000eb194e58) thrown at [D:\re\workspace\8-2-build-windows-amd64-cygwin\jdk8\2238\hotspot\src\share\vm\prims\jni.K¸
Event: 0.119 Thread 0x00000000023cf800 Exception <a 'java/security/PrivilegedActionException'> (0x00000000eb1b0910) thrown at [D:\re\workspace\8-2-build-windows-amd64-cygwin\jdk8\2238\hotspot\src\share\vm\prims\jvm.cpp, line 1248]
Event: 0.124 Thread 0x00000000023cf800 Exception <a 'java/security/PrivilegedActionException'> (0x00000000eb1b7040) thrown at [D:\re\workspace\8-2-build-windows-amd64-cygwin\jdk8\2238\hotspot\src\share\vm\prims\jvm.cpp, line 1248]
Event: 0.139 Thread 0x00000000023cf800 Exception <a 'java/security/PrivilegedActionException'> (0x00000000eb1fbde0) thrown at [D:\re\workspace\8-2-build-windows-amd64-cygwin\jdk8\2238\hotspot\src\share\vm\prims\jvm.cpp, line 1248]
Event: 0.141 Thread 0x00000000023cf800 Exception <a 'java/security/PrivilegedActionException'> (0x00000000eb1828a8) thrown at [D:\re\workspace\8-2-build-windows-amd64-cygwin\jdk8\2238\hotspot\src\share\vm\prims\jvm.cpp, line 1248]
Event: 0.286 Thread 0x00000000023cf800 Exception <a 'java/security/PrivilegedActionException'> (0x00000000eb36aa90) thrown at [D:\re\workspace\8-2-build-windows-amd64-cygwin\jdk8\2238\hotspot\src\share\vm\prims\jvm.cpp, line 1248]
Event: 0.296 Thread 0x00000000023cf800 Exception <a 'java/security/PrivilegedActionException'> (0x00000000eb377778) thrown at [D:\re\workspace\8-2-build-windows-amd64-cygwin\jdk8\2238\hotspot\src\share\vm\prims\jvm.cpp, line 1248]
Event: 0.297 Thread 0x00000000023cf800 Exception <a 'java/security/PrivilegedActionException'> (0x00000000eb379918) thrown at [D:\re\workspace\8-2-build-windows-amd64-cygwin\jdk8\2238\hotspot\src\share\vm\prims\jvm.cpp, line 1248]
Event: 0.297 Thread 0x00000000023cf800 Exception <a 'java/security/PrivilegedActionException'> (0x00000000eb37ba90) thrown at [D:\re\workspace\8-2-build-windows-amd64-cygwin\jdk8\2238\hotspot\src\share\vm\prims\jvm.cpp, line 1248]
Event: 0.297 Thread 0x00000000023cf800 Exception <a 'java/security/PrivilegedActionException'> (0x00000000eb37dbd8) thrown at [D:\re\workspace\8-2-build-windows-amd64-cygwin\jdk8\2238\hotspot\src\share\vm\prims\jvm.cpp, line 1248]

Events (10 events):
Event: 0.288 loading class java/lang/ClassLoaderHelper
Event: 0.288 loading class java/lang/ClassLoaderHelper done
Event: 0.296 loading class lpsolve/AbortListener
Event: 0.296 loading class lpsolve/AbortListener done
Event: 0.297 loading class lpsolve/LogListener
Event: 0.297 loading class lpsolve/LogListener done
Event: 0.297 loading class lpsolve/MsgListener
Event: 0.297 loading class lpsolve/MsgListener done
Event: 0.297 loading class lpsolve/BbListener
Event: 0.297 loading class lpsolve/BbListener done


Dynamic libraries:
0x000000013f1e0000 - 0x000000013f214000 	C:\Program Files\Java\jdk1.8.0\bin\javaw.exe
0x00000000772b0000 - 0x0000000077459000 	C:\Windows\SYSTEM32\ntdll.dll
0x0000000077090000 - 0x00000000771af000 	C:\Windows\system32\kernel32.dll
0x000007fefd0f0000 - 0x000007fefd15c000 	C:\Windows\system32\KERNELBASE.dll
0x000007fefdb40000 - 0x000007fefdc1b000 	C:\Windows\system32\ADVAPI32.dll
0x000007fefd9f0000 - 0x000007fefda8f000 	C:\Windows\system32\msvcrt.dll
0x000007fefe300000 - 0x000007fefe31f000 	C:\Windows\SYSTEM32\sechost.dll
0x000007fefdc20000 - 0x000007fefdd4d000 	C:\Windows\system32\RPCRT4.dll
0x00000000771b0000 - 0x00000000772aa000 	C:\Windows\system32\USER32.dll
0x000007fefe560000 - 0x000007fefe5c7000 	C:\Windows\system32\GDI32.dll
0x000007fefdf30000 - 0x000007fefdf3e000 	C:\Windows\system32\LPK.dll
0x000007fefdd50000 - 0x000007fefde19000 	C:\Windows\system32\USP10.dll
0x000007fefb680000 - 0x000007fefb874000 	C:\Windows\WinSxS\amd64_microsoft.windows.common-controls_6595b64144ccf1df_6.0.7601.18807_none_fa381d5f175bfb52\COMCTL32.dll
0x000007fefd530000 - 0x000007fefd5a1000 	C:\Windows\system32\SHLWAPI.dll
0x000007fefe530000 - 0x000007fefe55e000 	C:\Windows\system32\IMM32.DLL
0x000007fefde20000 - 0x000007fefdf29000 	C:\Windows\system32\MSCTF.dll
0x0000000061650000 - 0x0000000061722000 	C:\Program Files\Java\jdk1.8.0\jre\bin\msvcr100.dll
0x0000000056330000 - 0x0000000056b5a000 	C:\Program Files\Java\jdk1.8.0\jre\bin\server\jvm.dll
0x000007fefa420000 - 0x000007fefa429000 	C:\Windows\system32\WSOCK32.dll
0x000007fefe2b0000 - 0x000007fefe2fd000 	C:\Windows\system32\WS2_32.dll
0x000007fefdb30000 - 0x000007fefdb38000 	C:\Windows\system32\NSI.dll
0x000007fefb0f0000 - 0x000007fefb12b000 	C:\Windows\system32\WINMM.dll
0x0000000077480000 - 0x0000000077487000 	C:\Windows\system32\PSAPI.DLL
0x000000006a820000 - 0x000000006a82f000 	C:\Program Files\Java\jdk1.8.0\jre\bin\verify.dll
0x0000000064ae0000 - 0x0000000064b08000 	C:\Program Files\Java\jdk1.8.0\jre\bin\java.dll
0x0000000065180000 - 0x0000000065196000 	C:\Program Files\Java\jdk1.8.0\jre\bin\zip.dll
0x000007fefe830000 - 0x000007feff5b9000 	C:\Windows\system32\SHELL32.dll
0x000007fefe320000 - 0x000007fefe523000 	C:\Windows\system32\ole32.dll
0x000007fefd080000 - 0x000007fefd08f000 	C:\Windows\system32\profapi.dll
0x0000000180000000 - 0x0000000180025000 	G:\workspace\cloudsim-cache\lib\lp_solve_5.5.2.0_dev_win64\lpsolve55j.dll
0x00000000002c0000 - 0x000000000035f000 	G:\workspace\cloudsim-cache\lib\lp_solve_5.5.2.0_dev_win64\lpsolve55.dll
0x000007feebd80000 - 0x000007feebea5000 	C:\Windows\system32\dbghelp.dll

VM Arguments:
jvm_args: -Djava.library.path=G:\workspace\cloudsim-cache\lib\lp_solve_5.5.2.0_dev_win64 -Dfile.encoding=GBK 
java_command: org.cloudbus.cloudsim.examples.cache.ilp.Solver
java_class_path (initial): G:\workspace\cloudsim-cache\bin;G:\workspace\cloudsim-cache\lib\commons-math3-3.5.jar;G:\workspace\cloudsim-cache\lib\commons-math3-3.5-javadoc.jar;G:\workspace\cloudsim-cache\lib\lpsolve55j.jar
Launcher Type: SUN_STANDARD

Environment Variables:
JAVA_HOME=C:\Program Files\Java\jdk1.8.0
CLASSPATH=.;C:\Program Files\Java\jdk1.8.0\lib\dt.jar;C:\Program Files\Java\jdk1.8.0\lib\tools.jar;C:\Program Files (x86)\apache-tomcat-7.0.37\common\lib\servlet.jar;
PATH=C:\Program Files\IBM\ILOG\CPLEX_Studio_Preview126\opl\bin\x64_win64;C:\Program Files\IBM\ILOG\CPLEX_Studio_Preview126\opl\oplide\;C:\Program Files\IBM\ILOG\CPLEX_Studio_Preview126\cplex\bin\x64_win64;C:\Program Files\IBM\ILOG\CPLEX_Studio_Preview126\cpoptimizer\bin\x64_win64;C:\ProgramData\Oracle\Java\javapath;C:\CTEX\GSview\gsview;C:\CTEX\WinEdt;C:\Program Files\Trend Micro\AMSP;C:\Program Files\Java\jdk1.8.0\bin;C:\Program Files (x86)\apache-tomcat-7.0.37\lib;C:\Windows;C:\Windows\system32;C:\Anaconda;C:\Anaconda\Scripts;C:/MinGW\bin;c:\cygwin64\bin;C:\Program Files (x86)\Intel\OpenCL SDK\2.0\bin\x86;C:\Program Files (x86)\Intel\OpenCL SDK\2.0\bin\x64;C:\Program Files (x86)\Microsoft SQL Server\110\Tools\Binn\;C:\Program Files\Microsoft SQL Server\110\Tools\Binn\;C:\Program Files\Microsoft SQL Server\110\DTS\Binn\;C:\Program Files (x86)\Microsoft SQL Server\110\Tools\Binn\ManagementStudio\;C:\Program Files (x86)\Microsoft Visual Studio 10.0\Common7\IDE\PrivateAssemblies\;C:\Program Files (x86)\Microsoft SQL Server\110\DTS\Binn\;F:\MATLAB\R2012a\bin;C:\Windows\system32\wbem;C:\Program Files (x86)\Skype\Phone\;G:\workspace\cloudsim-cache\lib\lp_solve_5.5.2.0_dev_win64;;C:\Program Files (x86)\SSH Communications Security\SSH Secure Shell;JAVA_HOME =C:\Program Files\Java\jre7;C:\Program Files (x86)\Ncrack;F:\Softwares;C:\Program Files (x86)\Vim\vim74;G:\workspace\cloudsim-cache\lib\lp_solve_5.5.2.0_dev_win64
USERNAME=RiggsLab
OS=Windows_NT
PROCESSOR_IDENTIFIER=Intel64 Family 6 Model 42 Stepping 7, GenuineIntel



---------------  S Y S T E M  ---------------

OS: Windows 7 , 64 bit Build 7601 Service Pack 1

CPU:total 4 (4 cores per cpu, 1 threads per core) family 6 model 42 stepping 7, cmov, cx8, fxsr, mmx, sse, sse2, sse3, ssse3, sse4.1, sse4.2, popcnt, avx, aes, clmul, tsc, tscinvbit

Memory: 4k page, physical 4104836k(401268k free), swap 8834212k(515808k free)

vm_info: Java HotSpot(TM) 64-Bit Server VM (25.0-b70) for windows-amd64 JRE (1.8.0-b132), built on Mar  4 2014 03:46:18 by "java_re" with MS VC++ 10.0 (VS2010)

time: Wed Jun 03 21:52:09 2015
elapsed time: 1 seconds

